Using pre-set license
Built from '2021.1/staging' branch; Version is '2021.1.19f1 (5f5eb8bbdc25) revision 6250168'; Using compiler version '192528614'; Build Type 'Release'
OS: 'Windows 10 Home; OS build 19043.1202; Version 2009; 64bit' Language: 'zh' Physical Memory: 32569 MB
BatchMode: 1, IsHumanControllingUs: 0, StartBugReporterOnCrash: 0, Is64bit: 1, IsPro: 0

COMMAND LINE ARGUMENTS:
E:\Program Files (x86)\2021.1.19f1\Editor\Unity.exe
-adb2
-batchMode
-noUpm
-name
AssetImportWorker0
-projectPath
E:/Unity项目/2021_Fall/Game Engine/GAME_3023_Assignment/Game_3023_Assignment
-logFile
Logs/AssetImportWorker0.log
-srvPort
13971
Successfully changed project path to: E:/Unity项目/2021_Fall/Game Engine/GAME_3023_Assignment/Game_3023_Assignment
E:/Unity项目/2021_Fall/Game Engine/GAME_3023_Assignment/Game_3023_Assignment
Using Asset Import Pipeline V2.
Refreshing native plugins compatible for Editor in 112.59 ms, found 4 plugins.
Preloading 0 native plugins for Editor in 0.00 ms.
Initialize engine version: 2021.1.19f1 (5f5eb8bbdc25)
[Subsystems] Discovering subsystems at path E:/Program Files (x86)/2021.1.19f1/Editor/Data/Resources/UnitySubsystems
[Subsystems] Discovering subsystems at path E:/Unity项目/2021_Fall/Game Engine/GAME_3023_Assignment/Game_3023_Assignment/Assets
GfxDevice: creating device client; threaded=0; jobified=0
Direct3D:
    Version:  Direct3D 11.0 [level 11.1]
    Renderer: NVIDIA GeForce RTX 2080 Super with Max-Q Design (ID=0x1ed3)
    Vendor:   NVIDIA
    VRAM:     8010 MB
    Driver:   30.0.14.7196
Initialize mono
Mono path[0] = 'E:/Program Files (x86)/2021.1.19f1/Editor/Data/Managed'
Mono path[1] = 'E:/Program Files (x86)/2021.1.19f1/Editor/Data/MonoBleedingEdge/lib/mono/unityjit'
Mono config path = 'E:/Program Files (x86)/2021.1.19f1/Editor/Data/MonoBleedingEdge/etc'
Using monoOptions --debugger-agent=transport=dt_socket,embedding=1,server=y,suspend=n,address=127.0.0.1:56232
Begin MonoManager ReloadAssembly
Registering precompiled unity dll's ...
Register platform support module: E:/Program Files (x86)/2021.1.19f1/Editor/Data/PlaybackEngines/WindowsStandaloneSupport/UnityEditor.WindowsStandalone.Extensions.dll
Registered in 0.000856 seconds.
Native extension for WindowsStandalone target not found
Refreshing native plugins compatible for Editor in 118.98 ms, found 4 plugins.
Preloading 0 native plugins for Editor in 0.00 ms.
Mono: successfully reloaded assembly
- Completed reload, in  1.649 seconds
Domain Reload Profiling:
	ReloadAssembly (1650ms)
		BeginReloadAssembly (55ms)
			ExecutionOrderSort (0ms)
			DisableScriptedObjects (0ms)
			BackupInstance (0ms)
			ReleaseScriptingObjects (0ms)
			CreateAndSetChildDomain (1ms)
		EndReloadAssembly (523ms)
			LoadAssemblies (54ms)
			RebuildTransferFunctionScriptingTraits (0ms)
			SetupTypeCache (188ms)
			ReleaseScriptCaches (0ms)
			RebuildScriptCaches (31ms)
			SetupLoadedEditorAssemblies (258ms)
				LogAssemblyErrors (0ms)
				InitializePlatformSupportModulesInManaged (6ms)
				SetLoadedEditorAssemblies (0ms)
				RefreshPlugins (119ms)
				BeforeProcessingInitializeOnLoad (1ms)
				ProcessInitializeOnLoadAttributes (98ms)
				ProcessInitializeOnLoadMethodAttributes (33ms)
				AfterProcessingInitializeOnLoad (0ms)
				EditorAssembliesLoaded (0ms)
			ExecutionOrderSort2 (0ms)
			AwakeInstancesAfterBackupRestoration (0ms)
Platform modules already initialized, skipping
Registering precompiled user dll's ...
Registered in 0.003835 seconds.
Begin MonoManager ReloadAssembly
Symbol file LoadedFromMemory doesn't match image E:\Unity项目\2021_Fall\Game Engine\GAME_3023_Assignment\Game_3023_Assignment\Library\PackageCache\com.unity.visualscripting@1.6.1\Editor\VisualScripting.Core\Dependencies\YamlDotNet\Unity.VisualScripting.YamlDotNet.dll
Symbol file LoadedFromMemory doesn't match image E:\Unity项目\2021_Fall\Game Engine\GAME_3023_Assignment\Game_3023_Assignment\Library\PackageCache\com.unity.visualscripting@1.6.1\Editor\VisualScripting.Core\Dependencies\DotNetZip\Unity.VisualScripting.IonicZip.dll
Native extension for WindowsStandalone target not found
Refreshing native plugins compatible for Editor in 107.10 ms, found 4 plugins.
Preloading 0 native plugins for Editor in 0.00 ms.
Mono: successfully reloaded assembly
- Completed reload, in  1.194 seconds
Domain Reload Profiling:
	ReloadAssembly (1195ms)
		BeginReloadAssembly (138ms)
			ExecutionOrderSort (0ms)
			DisableScriptedObjects (4ms)
			BackupInstance (0ms)
			ReleaseScriptingObjects (0ms)
			CreateAndSetChildDomain (19ms)
		EndReloadAssembly (1006ms)
			LoadAssemblies (84ms)
			RebuildTransferFunctionScriptingTraits (0ms)
			SetupTypeCache (349ms)
			ReleaseScriptCaches (1ms)
			RebuildScriptCaches (52ms)
			SetupLoadedEditorAssemblies (429ms)
				LogAssemblyErrors (0ms)
				InitializePlatformSupportModulesInManaged (3ms)
				SetLoadedEditorAssemblies (0ms)
				RefreshPlugins (107ms)
				BeforeProcessingInitializeOnLoad (78ms)
				ProcessInitializeOnLoadAttributes (220ms)
				ProcessInitializeOnLoadMethodAttributes (19ms)
				AfterProcessingInitializeOnLoad (2ms)
				EditorAssembliesLoaded (0ms)
			ExecutionOrderSort2 (0ms)
			AwakeInstancesAfterBackupRestoration (7ms)
Platform modules already initialized, skipping
========================================================================
Worker process is ready to serve import requests
Launched and connected shader compiler UnityShaderCompiler.exe after 0.07 seconds
Refreshing native plugins compatible for Editor in 0.70 ms, found 4 plugins.
Preloading 0 native plugins for Editor in 0.00 ms.
Unloading 3678 Unused Serialized files (Serialized files now loaded: 0)
System memory in use before: 139.8 MB.
System memory in use after: 140.1 MB.

Unloading 30 unused Assets to reduce memory usage. Loaded Objects now: 4129.
Total: 3.929300 ms (FindLiveObjects: 0.312200 ms CreateObjectMapping: 0.172800 ms MarkObjects: 3.339800 ms  DeleteObjects: 0.103500 ms)

AssetImportParameters requested are different than current active one (requested -> active):
  custom:framework-win-MediaFoundation: 216162199b28c13a410421893ffa2e32 -> 
  custom:video-decoder-ogg-theora: a1e56fd34408186e4bbccfd4996cb3dc -> 
  custom:container-muxer-webm: aa71ff27fc2769a1b78a27578f13a17b -> 
  custom:container-demuxer-webm: 4f35f7cbe854078d1ac9338744f61a02 -> 
  custom:container-demuxer-ogg: 62fdf1f143b41e24485cea50d1cbac27 -> 
  custom:video-encoder-webm-vp8: eb34c28f22e8b96e1ab97ce403110664 -> 
  custom:video-decoder-webm-vp8: 9c59270c3fd7afecdb556c50c9e8de78 -> 
  custom:audio-decoder-ogg-vorbis: bf7c407c2cedff20999df2af8eb42d56 -> 
  custom:audio-encoder-webm-vorbis: bf7c407c2cedff20999df2af8eb42d56 -> 
========================================================================
Received Import Request.
  path: Assets/Prefabs/Snake.asset
  artifactKey: Guid(d1ec0ee09fe5242499cec20c4c8aca2c) Importer(815301076,1909f56bfc062723c751e8b465ee728b)
Start importing Assets/Prefabs/Snake.asset using Guid(d1ec0ee09fe5242499cec20c4c8aca2c) Importer(815301076,1909f56bfc062723c751e8b465ee728b)  -> (artifact id: '2940e1f6d0f20b879874207dda31fc77') in 0.031781 seconds 
========================================================================
Received Import Request.
  Time since last request: 31.115985 seconds.
  path: Assets/Sprites/Monsters
  artifactKey: Guid(76d85f2b93423af41bee7c58837f03eb) Importer(815301076,1909f56bfc062723c751e8b465ee728b)
Start importing Assets/Sprites/Monsters using Guid(76d85f2b93423af41bee7c58837f03eb) Importer(815301076,1909f56bfc062723c751e8b465ee728b)  -> (artifact id: '2f54e83b921d5ce64c86e29259c8ab1a') in 0.006792 seconds 
========================================================================
Received Import Request.
  Time since last request: 463.747878 seconds.
  path: Assets/Sprites/Battle Backgrounds
  artifactKey: Guid(127cb75d8b16fcf4bb1794b04dfa78a4) Importer(815301076,1909f56bfc062723c751e8b465ee728b)
Start importing Assets/Sprites/Battle Backgrounds using Guid(127cb75d8b16fcf4bb1794b04dfa78a4) Importer(815301076,1909f56bfc062723c751e8b465ee728b)  -> (artifact id: 'f65c69009b82d4c96a2278f23ffeeef6') in 0.006229 seconds 
========================================================================
Received Import Request.
  Time since last request: 3.085298 seconds.
  path: Assets/Sprites/Pokemons
  artifactKey: Guid(cc9ccddfc1bd3ad4f99dcacb6fff3e53) Importer(815301076,1909f56bfc062723c751e8b465ee728b)
Start importing Assets/Sprites/Pokemons using Guid(cc9ccddfc1bd3ad4f99dcacb6fff3e53) Importer(815301076,1909f56bfc062723c751e8b465ee728b)  -> (artifact id: '9cced0c7770946c2a21f7b03acd53138') in 0.005792 seconds 
========================================================================
Received Import Request.
  Time since last request: 18.224201 seconds.
  path: Assets/Sprites/Pokemons/Front
  artifactKey: Guid(38af017bfc2531440ba732175ac1e1a0) Importer(815301076,1909f56bfc062723c751e8b465ee728b)
Start importing Assets/Sprites/Pokemons/Front using Guid(38af017bfc2531440ba732175ac1e1a0) Importer(815301076,1909f56bfc062723c751e8b465ee728b)  -> (artifact id: '88e2f122022ace66c038b41e55bffbb3') in 0.005981 seconds 
========================================================================
Received Import Request.
  Time since last request: 0.068131 seconds.
  path: Assets/Sprites/Pokemons/Front/1.png
  artifactKey: Guid(0f37bf3cf5680a64d863b5f155b2a597) Importer(815301076,1909f56bfc062723c751e8b465ee728b)
Start importing Assets/Sprites/Pokemons/Front/1.png using Guid(0f37bf3cf5680a64d863b5f155b2a597) Importer(815301076,1909f56bfc062723c751e8b465ee728b)  -> (artifact id: '0c5701651b5aa60b475f98e46889270d') in 0.064645 seconds 
========================================================================
Received Import Request.
  Time since last request: 0.000187 seconds.
  path: Assets/Sprites/Pokemons/Front/4.png
  artifactKey: Guid(cd259d9d4f8ba2749a16d1cc64d46bec) Importer(815301076,1909f56bfc062723c751e8b465ee728b)
Start importing Assets/Sprites/Pokemons/Front/4.png using Guid(cd259d9d4f8ba2749a16d1cc64d46bec) Importer(815301076,1909f56bfc062723c751e8b465ee728b)  -> (artifact id: 'addc5f8b94b759e8d48e160a442732d7') in 0.011751 seconds 
========================================================================
Received Import Request.
  Time since last request: 0.000168 seconds.
  path: Assets/Sprites/Pokemons/Front/6.png
  artifactKey: Guid(d819d29c71518d340b52028b17af51c2) Importer(815301076,1909f56bfc062723c751e8b465ee728b)
Start importing Assets/Sprites/Pokemons/Front/6.png using Guid(d819d29c71518d340b52028b17af51c2) Importer(815301076,1909f56bfc062723c751e8b465ee728b)  -> (artifact id: '98dc54d6b20cdec3a92a58fed0243098') in 0.013553 seconds 
========================================================================
Received Import Request.
  Time since last request: 0.000139 seconds.
  path: Assets/Sprites/Pokemons/Front/2.png
  artifactKey: Guid(179bd38ab997c7440844309bc52e708a) Importer(815301076,1909f56bfc062723c751e8b465ee728b)
Start importing Assets/Sprites/Pokemons/Front/2.png using Guid(179bd38ab997c7440844309bc52e708a) Importer(815301076,1909f56bfc062723c751e8b465ee728b)  -> (artifact id: 'f782cba2be997840540f1d66f241d1d2') in 0.011464 seconds 
========================================================================
Received Import Request.
  Time since last request: 0.000283 seconds.
  path: Assets/Sprites/Pokemons/Front/3.png
  artifactKey: Guid(843823c80be1fe244945120519a22e53) Importer(815301076,1909f56bfc062723c751e8b465ee728b)
Start importing Assets/Sprites/Pokemons/Front/3.png using Guid(843823c80be1fe244945120519a22e53) Importer(815301076,1909f56bfc062723c751e8b465ee728b)  -> (artifact id: 'a5f3238bfb32cecba1ef85751c160237') in 0.011110 seconds 
========================================================================
Received Import Request.
  Time since last request: 0.000187 seconds.
  path: Assets/Sprites/Pokemons/Front/8.png
  artifactKey: Guid(9b0e6fc5f36b9ec4197e23d680b3707a) Importer(815301076,1909f56bfc062723c751e8b465ee728b)
Start importing Assets/Sprites/Pokemons/Front/8.png using Guid(9b0e6fc5f36b9ec4197e23d680b3707a) Importer(815301076,1909f56bfc062723c751e8b465ee728b)  -> (artifact id: 'e59a39d1a5d8e31dbc5a0ba246faa1ec') in 0.010890 seconds 
========================================================================
Received Import Request.
  Time since last request: 0.000163 seconds.
  path: Assets/Sprites/Pokemons/Front/5.png
  artifactKey: Guid(7b639ec515c410e4ebf517fc3899e3bd) Importer(815301076,1909f56bfc062723c751e8b465ee728b)
Start importing Assets/Sprites/Pokemons/Front/5.png using Guid(7b639ec515c410e4ebf517fc3899e3bd) Importer(815301076,1909f56bfc062723c751e8b465ee728b)  -> (artifact id: 'cc2435e78c4988f271497f5720822bd6') in 0.012614 seconds 
========================================================================
Received Import Request.
  Time since last request: 0.000196 seconds.
  path: Assets/Sprites/Pokemons/Front/7.png
  artifactKey: Guid(818cf159951cf9a4e8e810b2bbab4096) Importer(815301076,1909f56bfc062723c751e8b465ee728b)
Start importing Assets/Sprites/Pokemons/Front/7.png using Guid(818cf159951cf9a4e8e810b2bbab4096) Importer(815301076,1909f56bfc062723c751e8b465ee728b)  -> (artifact id: 'f679e33712c78cbcf413f978a10c5dfa') in 0.009510 seconds 
========================================================================
Received Import Request.
  Time since last request: 0.000281 seconds.
  path: Assets/Sprites/Pokemons/Front/9.png
  artifactKey: Guid(163cdf30ffc80c34d918ea83ab5e762f) Importer(815301076,1909f56bfc062723c751e8b465ee728b)
Start importing Assets/Sprites/Pokemons/Front/9.png using Guid(163cdf30ffc80c34d918ea83ab5e762f) Importer(815301076,1909f56bfc062723c751e8b465ee728b)  -> (artifact id: '7c0d8e6a4e410bd121a095d0ca193778') in 0.012291 seconds 
========================================================================
Received Import Request.
  Time since last request: 20.050145 seconds.
  path: Assets/Sprites/Pokemons/Back/1.png
  artifactKey: Guid(aacaae602a38f884ab9e02e43de3736d) Importer(815301076,1909f56bfc062723c751e8b465ee728b)
Start importing Assets/Sprites/Pokemons/Back/1.png using Guid(aacaae602a38f884ab9e02e43de3736d) Importer(815301076,1909f56bfc062723c751e8b465ee728b)  -> (artifact id: '31d027e3c075935921502cad65c2cf50') in 0.009780 seconds 
========================================================================
Received Import Request.
  Time since last request: 0.000296 seconds.
  path: Assets/Sprites/Pokemons/Back/8.png
  artifactKey: Guid(1287bcbc279066d459ff39bc3b587760) Importer(815301076,1909f56bfc062723c751e8b465ee728b)
Start importing Assets/Sprites/Pokemons/Back/8.png using Guid(1287bcbc279066d459ff39bc3b587760) Importer(815301076,1909f56bfc062723c751e8b465ee728b)  -> (artifact id: 'd5e144beb7b22ba908a8eaee08a4e0b1') in 0.033135 seconds 
========================================================================
Received Import Request.
  Time since last request: 0.000246 seconds.
  path: Assets/Sprites/Pokemons/Back/4.png
  artifactKey: Guid(ed8e1d9976a1fd94d961840d8f6e7764) Importer(815301076,1909f56bfc062723c751e8b465ee728b)
Start importing Assets/Sprites/Pokemons/Back/4.png using Guid(ed8e1d9976a1fd94d961840d8f6e7764) Importer(815301076,1909f56bfc062723c751e8b465ee728b)  -> (artifact id: 'b7c31f358dd7abd53682a6d28e82743e') in 0.027602 seconds 
========================================================================
Received Import Request.
  Time since last request: 0.000133 seconds.
  path: Assets/Sprites/Pokemons/Back/9.png
  artifactKey: Guid(612b6aa88e95291469e1d96088ebc649) Importer(815301076,1909f56bfc062723c751e8b465ee728b)
Start importing Assets/Sprites/Pokemons/Back/9.png using Guid(612b6aa88e95291469e1d96088ebc649) Importer(815301076,1909f56bfc062723c751e8b465ee728b)  -> (artifact id: '3e0122484a0722a54b2983a39edd8335') in 0.030764 seconds 
========================================================================
Received Import Request.
  Time since last request: 0.000162 seconds.
  path: Assets/Sprites/Pokemons/Back/6.png
  artifactKey: Guid(4e7023cd378451d4d80b1c653bb62ff7) Importer(815301076,1909f56bfc062723c751e8b465ee728b)
Start importing Assets/Sprites/Pokemons/Back/6.png using Guid(4e7023cd378451d4d80b1c653bb62ff7) Importer(815301076,1909f56bfc062723c751e8b465ee728b)  -> (artifact id: 'fb7c0eb741883d93141d7eb67ffdaef4') in 0.026509 seconds 
========================================================================
Received Import Request.
  Time since last request: 0.000157 seconds.
  path: Assets/Sprites/Pokemons/Back/3.png
  artifactKey: Guid(4ad46572811440e479a498ba4754f89d) Importer(815301076,1909f56bfc062723c751e8b465ee728b)
Start importing Assets/Sprites/Pokemons/Back/3.png using Guid(4ad46572811440e479a498ba4754f89d) Importer(815301076,1909f56bfc062723c751e8b465ee728b)  -> (artifact id: '4e624ea6a42172e23062650dc9ea02dd') in 0.043267 seconds 
========================================================================
Received Import Request.
  Time since last request: 0.000214 seconds.
  path: Assets/Sprites/Pokemons/Back/7.png
  artifactKey: Guid(18fc6e8e3f72b154fba88f358748be28) Importer(815301076,1909f56bfc062723c751e8b465ee728b)
Start importing Assets/Sprites/Pokemons/Back/7.png using Guid(18fc6e8e3f72b154fba88f358748be28) Importer(815301076,1909f56bfc062723c751e8b465ee728b)  -> (artifact id: 'ac235b5c71997b7e76e1cc7560580cad') in 0.026711 seconds 
========================================================================
Received Import Request.
  Time since last request: 0.000183 seconds.
  path: Assets/Sprites/Pokemons/Back/2.png
  artifactKey: Guid(653a6fe1d97188644a3747cd5e674bc4) Importer(815301076,1909f56bfc062723c751e8b465ee728b)
Start importing Assets/Sprites/Pokemons/Back/2.png using Guid(653a6fe1d97188644a3747cd5e674bc4) Importer(815301076,1909f56bfc062723c751e8b465ee728b)  -> (artifact id: '2ba663a097d32445b0b58a73bc979675') in 0.012642 seconds 
========================================================================
Received Import Request.
  Time since last request: 0.000160 seconds.
  path: Assets/Sprites/Pokemons/Back/5.png
  artifactKey: Guid(ade6afd9cbd5c1740bf6046d9a18b97d) Importer(815301076,1909f56bfc062723c751e8b465ee728b)
Start importing Assets/Sprites/Pokemons/Back/5.png using Guid(ade6afd9cbd5c1740bf6046d9a18b97d) Importer(815301076,1909f56bfc062723c751e8b465ee728b)  -> (artifact id: '451555c2ed962233286351daeb7d2857') in 0.012993 seconds 
========================================================================
Received Import Request.
  Time since last request: 56.331861 seconds.
  path: Assets/Prefabs/Xiaohuolong.asset
  artifactKey: Guid(d1ec0ee09fe5242499cec20c4c8aca2c) Importer(815301076,1909f56bfc062723c751e8b465ee728b)
Start importing Assets/Prefabs/Xiaohuolong.asset using Guid(d1ec0ee09fe5242499cec20c4c8aca2c) Importer(815301076,1909f56bfc062723c751e8b465ee728b)  -> (artifact id: 'ea57e6913724c9d530fcaf2e359942a1') in 0.006013 seconds 
========================================================================
Received Import Request.
  Time since last request: 0.714261 seconds.
  path: Assets/Prefabs
  artifactKey: Guid(3454480a99af36d4f8d892223082b1a9) Importer(815301076,1909f56bfc062723c751e8b465ee728b)
Start importing Assets/Prefabs using Guid(3454480a99af36d4f8d892223082b1a9) Importer(815301076,1909f56bfc062723c751e8b465ee728b)  -> (artifact id: '5e9b0af686d469d41f0fb139ef6bccc9') in 0.004936 seconds 
========================================================================
Received Import Request.
  Time since last request: 10.491618 seconds.
  path: Assets/Prefabs/Jienigui.asset
  artifactKey: Guid(909647df611a1f44693a9d295cba44e8) Importer(815301076,1909f56bfc062723c751e8b465ee728b)
Start importing Assets/Prefabs/Jienigui.asset using Guid(909647df611a1f44693a9d295cba44e8) Importer(815301076,1909f56bfc062723c751e8b465ee728b)  -> (artifact id: '56441e6f09eb0b7ec9f468ea94727451') in 0.005165 seconds 
========================================================================
Received Import Request.
  Time since last request: 33.976414 seconds.
  path: Assets/Prefabs/Miaowazhongzi.asset
  artifactKey: Guid(a391703d364497144bef7828e74a8895) Importer(815301076,1909f56bfc062723c751e8b465ee728b)
Start importing Assets/Prefabs/Miaowazhongzi.asset using Guid(a391703d364497144bef7828e74a8895) Importer(815301076,1909f56bfc062723c751e8b465ee728b)  -> (artifact id: '7d666e0318cae0ea0f3e22ab57fe6867') in 0.005151 seconds 
========================================================================
Received Prepare
Registering precompiled user dll's ...
Registered in 0.002947 seconds.
Begin MonoManager ReloadAssembly
Symbol file LoadedFromMemory doesn't match image E:\Unity项目\2021_Fall\Game Engine\GAME_3023_Assignment\Game_3023_Assignment\Library\PackageCache\com.unity.visualscripting@1.6.1\Editor\VisualScripting.Core\Dependencies\YamlDotNet\Unity.VisualScripting.YamlDotNet.dll
Symbol file LoadedFromMemory doesn't match image E:\Unity项目\2021_Fall\Game Engine\GAME_3023_Assignment\Game_3023_Assignment\Library\PackageCache\com.unity.visualscripting@1.6.1\Editor\VisualScripting.Core\Dependencies\DotNetZip\Unity.VisualScripting.IonicZip.dll
Native extension for WindowsStandalone target not found
Refreshing native plugins compatible for Editor in 0.74 ms, found 4 plugins.
Preloading 0 native plugins for Editor in 0.00 ms.
Mono: successfully reloaded assembly
- Completed reload, in  1.067 seconds
Domain Reload Profiling:
	ReloadAssembly (1067ms)
		BeginReloadAssembly (121ms)
			ExecutionOrderSort (0ms)
			DisableScriptedObjects (5ms)
			BackupInstance (0ms)
			ReleaseScriptingObjects (0ms)
			CreateAndSetChildDomain (39ms)
		EndReloadAssembly (900ms)
			LoadAssemblies (80ms)
			RebuildTransferFunctionScriptingTraits (0ms)
			SetupTypeCache (350ms)
			ReleaseScriptCaches (2ms)
			RebuildScriptCaches (62ms)
			SetupLoadedEditorAssemblies (285ms)
				LogAssemblyErrors (0ms)
				InitializePlatformSupportModulesInManaged (4ms)
				SetLoadedEditorAssemblies (0ms)
				RefreshPlugins (1ms)
				BeforeProcessingInitializeOnLoad (60ms)
				ProcessInitializeOnLoadAttributes (211ms)
				ProcessInitializeOnLoadMethodAttributes (8ms)
				AfterProcessingInitializeOnLoad (2ms)
				EditorAssembliesLoaded (0ms)
			ExecutionOrderSort2 (0ms)
			AwakeInstancesAfterBackupRestoration (15ms)
Platform modules already initialized, skipping
Refreshing native plugins compatible for Editor in 0.69 ms, found 4 plugins.
Preloading 0 native plugins for Editor in 0.00 ms.
Unloading 3687 Unused Serialized files (Serialized files now loaded: 0)
System memory in use before: 151.8 MB.
System memory in use after: 152.0 MB.

Unloading 18 unused Assets to reduce memory usage. Loaded Objects now: 4425.
Total: 2.997400 ms (FindLiveObjects: 0.264800 ms CreateObjectMapping: 0.174000 ms MarkObjects: 2.542500 ms  DeleteObjects: 0.015400 ms)

AssetImportParameters requested are different than current active one (requested -> active):
  custom:framework-win-MediaFoundation: 216162199b28c13a410421893ffa2e32 -> 
  custom:video-decoder-ogg-theora: a1e56fd34408186e4bbccfd4996cb3dc -> 
  custom:container-muxer-webm: aa71ff27fc2769a1b78a27578f13a17b -> 
  custom:container-demuxer-webm: 4f35f7cbe854078d1ac9338744f61a02 -> 
  custom:container-demuxer-ogg: 62fdf1f143b41e24485cea50d1cbac27 -> 
  custom:video-encoder-webm-vp8: eb34c28f22e8b96e1ab97ce403110664 -> 
  custom:video-decoder-webm-vp8: 9c59270c3fd7afecdb556c50c9e8de78 -> 
  custom:audio-decoder-ogg-vorbis: bf7c407c2cedff20999df2af8eb42d56 -> 
  custom:audio-encoder-webm-vorbis: bf7c407c2cedff20999df2af8eb42d56 -> 
========================================================================
Received Prepare
Registering precompiled user dll's ...
Registered in 0.077017 seconds.
Begin MonoManager ReloadAssembly
Symbol file LoadedFromMemory doesn't match image E:\Unity项目\2021_Fall\Game Engine\GAME_3023_Assignment\Game_3023_Assignment\Library\PackageCache\com.unity.visualscripting@1.6.1\Editor\VisualScripting.Core\Dependencies\YamlDotNet\Unity.VisualScripting.YamlDotNet.dll
Symbol file LoadedFromMemory doesn't match image E:\Unity项目\2021_Fall\Game Engine\GAME_3023_Assignment\Game_3023_Assignment\Library\PackageCache\com.unity.visualscripting@1.6.1\Editor\VisualScripting.Core\Dependencies\DotNetZip\Unity.VisualScripting.IonicZip.dll
Native extension for WindowsStandalone target not found
Refreshing native plugins compatible for Editor in 0.73 ms, found 4 plugins.
Preloading 0 native plugins for Editor in 0.00 ms.
Mono: successfully reloaded assembly
- Completed reload, in  1.209 seconds
Domain Reload Profiling:
	ReloadAssembly (1209ms)
		BeginReloadAssembly (196ms)
			ExecutionOrderSort (0ms)
			DisableScriptedObjects (21ms)
			BackupInstance (0ms)
			ReleaseScriptingObjects (0ms)
			CreateAndSetChildDomain (67ms)
		EndReloadAssembly (964ms)
			LoadAssemblies (101ms)
			RebuildTransferFunctionScriptingTraits (0ms)
			SetupTypeCache (355ms)
			ReleaseScriptCaches (1ms)
			RebuildScriptCaches (41ms)
			SetupLoadedEditorAssemblies (363ms)
				LogAssemblyErrors (0ms)
				InitializePlatformSupportModulesInManaged (5ms)
				SetLoadedEditorAssemblies (1ms)
				RefreshPlugins (1ms)
				BeforeProcessingInitializeOnLoad (57ms)
				ProcessInitializeOnLoadAttributes (290ms)
				ProcessInitializeOnLoadMethodAttributes (8ms)
				AfterProcessingInitializeOnLoad (2ms)
				EditorAssembliesLoaded (0ms)
			ExecutionOrderSort2 (0ms)
			AwakeInstancesAfterBackupRestoration (21ms)
Platform modules already initialized, skipping
Refreshing native plugins compatible for Editor in 0.75 ms, found 4 plugins.
Preloading 0 native plugins for Editor in 0.00 ms.
Unloading 3669 Unused Serialized files (Serialized files now loaded: 0)
System memory in use before: 151.1 MB.
System memory in use after: 151.3 MB.

Unloading 18 unused Assets to reduce memory usage. Loaded Objects now: 4428.
Total: 3.072400 ms (FindLiveObjects: 0.292600 ms CreateObjectMapping: 0.193600 ms MarkObjects: 2.570100 ms  DeleteObjects: 0.015100 ms)

AssetImportParameters requested are different than current active one (requested -> active):
  custom:framework-win-MediaFoundation: 216162199b28c13a410421893ffa2e32 -> 
  custom:video-decoder-ogg-theora: a1e56fd34408186e4bbccfd4996cb3dc -> 
  custom:container-muxer-webm: aa71ff27fc2769a1b78a27578f13a17b -> 
  custom:container-demuxer-webm: 4f35f7cbe854078d1ac9338744f61a02 -> 
  custom:container-demuxer-ogg: 62fdf1f143b41e24485cea50d1cbac27 -> 
  custom:video-encoder-webm-vp8: eb34c28f22e8b96e1ab97ce403110664 -> 
  custom:video-decoder-webm-vp8: 9c59270c3fd7afecdb556c50c9e8de78 -> 
  custom:audio-decoder-ogg-vorbis: bf7c407c2cedff20999df2af8eb42d56 -> 
  custom:audio-encoder-webm-vorbis: bf7c407c2cedff20999df2af8eb42d56 -> 
========================================================================
Received Prepare
Registering precompiled user dll's ...
Registered in 0.003047 seconds.
Begin MonoManager ReloadAssembly
Symbol file LoadedFromMemory doesn't match image E:\Unity项目\2021_Fall\Game Engine\GAME_3023_Assignment\Game_3023_Assignment\Library\PackageCache\com.unity.visualscripting@1.6.1\Editor\VisualScripting.Core\Dependencies\YamlDotNet\Unity.VisualScripting.YamlDotNet.dll
Symbol file LoadedFromMemory doesn't match image E:\Unity项目\2021_Fall\Game Engine\GAME_3023_Assignment\Game_3023_Assignment\Library\PackageCache\com.unity.visualscripting@1.6.1\Editor\VisualScripting.Core\Dependencies\DotNetZip\Unity.VisualScripting.IonicZip.dll
Native extension for WindowsStandalone target not found
Refreshing native plugins compatible for Editor in 0.68 ms, found 4 plugins.
Preloading 0 native plugins for Editor in 0.00 ms.
Mono: successfully reloaded assembly
- Completed reload, in  1.020 seconds
Domain Reload Profiling:
	ReloadAssembly (1020ms)
		BeginReloadAssembly (158ms)
			ExecutionOrderSort (0ms)
			DisableScriptedObjects (11ms)
			BackupInstance (0ms)
			ReleaseScriptingObjects (0ms)
			CreateAndSetChildDomain (58ms)
		EndReloadAssembly (804ms)
			LoadAssemblies (90ms)
			RebuildTransferFunctionScriptingTraits (0ms)
			SetupTypeCache (323ms)
			ReleaseScriptCaches (1ms)
			RebuildScriptCaches (40ms)
			SetupLoadedEditorAssemblies (266ms)
				LogAssemblyErrors (0ms)
				InitializePlatformSupportModulesInManaged (5ms)
				SetLoadedEditorAssemblies (0ms)
				RefreshPlugins (1ms)
				BeforeProcessingInitializeOnLoad (55ms)
				ProcessInitializeOnLoadAttributes (195ms)
				ProcessInitializeOnLoadMethodAttributes (7ms)
				AfterProcessingInitializeOnLoad (2ms)
				EditorAssembliesLoaded (0ms)
			ExecutionOrderSort2 (0ms)
			AwakeInstancesAfterBackupRestoration (16ms)
Platform modules already initialized, skipping
Refreshing native plugins compatible for Editor in 0.79 ms, found 4 plugins.
Preloading 0 native plugins for Editor in 0.00 ms.
Unloading 3670 Unused Serialized files (Serialized files now loaded: 0)
System memory in use before: 151.1 MB.
System memory in use after: 151.4 MB.

Unloading 18 unused Assets to reduce memory usage. Loaded Objects now: 4432.
Total: 3.336700 ms (FindLiveObjects: 0.295300 ms CreateObjectMapping: 0.208600 ms MarkObjects: 2.795600 ms  DeleteObjects: 0.036100 ms)

AssetImportParameters requested are different than current active one (requested -> active):
  custom:framework-win-MediaFoundation: 216162199b28c13a410421893ffa2e32 -> 
  custom:video-decoder-ogg-theora: a1e56fd34408186e4bbccfd4996cb3dc -> 
  custom:container-muxer-webm: aa71ff27fc2769a1b78a27578f13a17b -> 
  custom:container-demuxer-webm: 4f35f7cbe854078d1ac9338744f61a02 -> 
  custom:container-demuxer-ogg: 62fdf1f143b41e24485cea50d1cbac27 -> 
  custom:video-encoder-webm-vp8: eb34c28f22e8b96e1ab97ce403110664 -> 
  custom:video-decoder-webm-vp8: 9c59270c3fd7afecdb556c50c9e8de78 -> 
  custom:audio-decoder-ogg-vorbis: bf7c407c2cedff20999df2af8eb42d56 -> 
  custom:audio-encoder-webm-vorbis: bf7c407c2cedff20999df2af8eb42d56 -> 
========================================================================
Received Prepare
Registering precompiled user dll's ...
Registered in 0.003094 seconds.
Begin MonoManager ReloadAssembly
Symbol file LoadedFromMemory doesn't match image E:\Unity项目\2021_Fall\Game Engine\GAME_3023_Assignment\Game_3023_Assignment\Library\PackageCache\com.unity.visualscripting@1.6.1\Editor\VisualScripting.Core\Dependencies\YamlDotNet\Unity.VisualScripting.YamlDotNet.dll
Symbol file LoadedFromMemory doesn't match image E:\Unity项目\2021_Fall\Game Engine\GAME_3023_Assignment\Game_3023_Assignment\Library\PackageCache\com.unity.visualscripting@1.6.1\Editor\VisualScripting.Core\Dependencies\DotNetZip\Unity.VisualScripting.IonicZip.dll
Native extension for WindowsStandalone target not found
Refreshing native plugins compatible for Editor in 0.74 ms, found 4 plugins.
Preloading 0 native plugins for Editor in 0.00 ms.
Mono: successfully reloaded assembly
- Completed reload, in  0.998 seconds
Domain Reload Profiling:
	ReloadAssembly (998ms)
		BeginReloadAssembly (126ms)
			ExecutionOrderSort (0ms)
			DisableScriptedObjects (9ms)
			BackupInstance (0ms)
			ReleaseScriptingObjects (0ms)
			CreateAndSetChildDomain (42ms)
		EndReloadAssembly (823ms)
			LoadAssemblies (79ms)
			RebuildTransferFunctionScriptingTraits (0ms)
			SetupTypeCache (321ms)
			ReleaseScriptCaches (1ms)
			RebuildScriptCaches (41ms)
			SetupLoadedEditorAssemblies (283ms)
				LogAssemblyErrors (0ms)
				InitializePlatformSupportModulesInManaged (4ms)
				SetLoadedEditorAssemblies (0ms)
				RefreshPlugins (1ms)
				BeforeProcessingInitializeOnLoad (62ms)
				ProcessInitializeOnLoadAttributes (206ms)
				ProcessInitializeOnLoadMethodAttributes (8ms)
				AfterProcessingInitializeOnLoad (3ms)
				EditorAssembliesLoaded (0ms)
			ExecutionOrderSort2 (0ms)
			AwakeInstancesAfterBackupRestoration (15ms)
Platform modules already initialized, skipping
Refreshing native plugins compatible for Editor in 0.70 ms, found 4 plugins.
Preloading 0 native plugins for Editor in 0.00 ms.
Unloading 3670 Unused Serialized files (Serialized files now loaded: 0)
System memory in use before: 151.2 MB.
System memory in use after: 151.4 MB.

Unloading 18 unused Assets to reduce memory usage. Loaded Objects now: 4435.
Total: 3.270600 ms (FindLiveObjects: 0.285600 ms CreateObjectMapping: 0.199900 ms MarkObjects: 2.768100 ms  DeleteObjects: 0.016200 ms)

AssetImportParameters requested are different than current active one (requested -> active):
  custom:framework-win-MediaFoundation: 216162199b28c13a410421893ffa2e32 -> 
  custom:video-decoder-ogg-theora: a1e56fd34408186e4bbccfd4996cb3dc -> 
  custom:container-muxer-webm: aa71ff27fc2769a1b78a27578f13a17b -> 
  custom:container-demuxer-webm: 4f35f7cbe854078d1ac9338744f61a02 -> 
  custom:container-demuxer-ogg: 62fdf1f143b41e24485cea50d1cbac27 -> 
  custom:video-encoder-webm-vp8: eb34c28f22e8b96e1ab97ce403110664 -> 
  custom:video-decoder-webm-vp8: 9c59270c3fd7afecdb556c50c9e8de78 -> 
  custom:audio-decoder-ogg-vorbis: bf7c407c2cedff20999df2af8eb42d56 -> 
  custom:audio-encoder-webm-vorbis: bf7c407c2cedff20999df2af8eb42d56 -> 
========================================================================
Received Import Request.
  Time since last request: 22915.220723 seconds.
  path: Assets/Prefabs/Monster
  artifactKey: Guid(79f764c8af27dda4b87a73537da633fa) Importer(815301076,1909f56bfc062723c751e8b465ee728b)
Start importing Assets/Prefabs/Monster using Guid(79f764c8af27dda4b87a73537da633fa) Importer(815301076,1909f56bfc062723c751e8b465ee728b)  -> (artifact id: 'bb5cf45b78a775e3bebb230c6d41a6a6') in 0.018260 seconds 
========================================================================
Received Import Request.
  Time since last request: 3.417604 seconds.
  path: Assets/Prefabs/Monster/Miaowazhongzi.asset
  artifactKey: Guid(a391703d364497144bef7828e74a8895) Importer(815301076,1909f56bfc062723c751e8b465ee728b)
Start importing Assets/Prefabs/Monster/Miaowazhongzi.asset using Guid(a391703d364497144bef7828e74a8895) Importer(815301076,1909f56bfc062723c751e8b465ee728b)  -> (artifact id: '14fe791b9bcddb893124cd4ff8cc4310') in 0.024924 seconds 
========================================================================
Received Import Request.
  Time since last request: 3.654541 seconds.
  path: Assets/Prefabs/Move
  artifactKey: Guid(9c9e95c1691583544ac8296a69e535b5) Importer(815301076,1909f56bfc062723c751e8b465ee728b)
Start importing Assets/Prefabs/Move using Guid(9c9e95c1691583544ac8296a69e535b5) Importer(815301076,1909f56bfc062723c751e8b465ee728b)  -> (artifact id: '2ed950a29e49bf26491c78ca17361b2e') in 0.005546 seconds 
========================================================================
Received Import Request.
  Time since last request: 5.024807 seconds.
  path: Assets/Prefabs/Move/Monster.asset
  artifactKey: Guid(accd32c6b38ed9a4087802bd817742d0) Importer(815301076,1909f56bfc062723c751e8b465ee728b)
Start importing Assets/Prefabs/Move/Monster.asset using Guid(accd32c6b38ed9a4087802bd817742d0) Importer(815301076,1909f56bfc062723c751e8b465ee728b)  -> (artifact id: '4dd76649ab2b2e619097db75dd2efd79') in 0.003947 seconds 
========================================================================
Received Import Request.
  Time since last request: 3258.669655 seconds.
  path: Assets/Prefabs/Monster/Jienigui.asset
  artifactKey: Guid(909647df611a1f44693a9d295cba44e8) Importer(815301076,1909f56bfc062723c751e8b465ee728b)
Start importing Assets/Prefabs/Monster/Jienigui.asset using Guid(909647df611a1f44693a9d295cba44e8) Importer(815301076,1909f56bfc062723c751e8b465ee728b)  -> (artifact id: '7fa4078ac1eb20390e0fb5e7e7c6471d') in 0.013501 seconds 
